ERROR - 2024-04-26 15:58:56 --> Error connecting to the database: mysqli_sql_exception: No se puede establecer una conexión ya que el equipo de destino denegó expresamente dicha conexión in D:\Universidad\TEC\Semestre VI\clima\clima\system\Database\MySQLi\Connection.php:184
Stack trace:
#0 D:\Universidad\TEC\Semestre VI\clima\clima\system\Database\MySQLi\Connection.php(184): mysqli->real_connect('localhost', 'root', Object(SensitiveParameterValue), 'apiclimaejemplo', 3306, '', 0)
#1 D:\Universidad\TEC\Semestre VI\clima\clima\system\Database\BaseConnection.php(391): CodeIgniter\Database\MySQLi\Connection->connect(false)
#2 D:\Universidad\TEC\Semestre VI\clima\clima\system\Database\BaseConnection.php(574): CodeIgniter\Database\BaseConnection->initialize()
#3 D:\Universidad\TEC\Semestre VI\clima\clima\system\Database\BaseBuilder.php(1615): CodeIgniter\Database\BaseConnection->query('SELECT `ubicaci...', Array, false)
#4 D:\Universidad\TEC\Semestre VI\clima\clima\app\Models\ClimaModel.php(49): CodeIgniter\Database\BaseBuilder->get()
#5 D:\Universidad\TEC\Semestre VI\clima\clima\app\Controllers\ClimaController.php(16): App\Models\ClimaModel->getUbicaciones()
#6 D:\Universidad\TEC\Semestre VI\clima\clima\system\CodeIgniter.php(919): App\Controllers\ClimaController->getUbicaciones()
#7 D:\Universidad\TEC\Semestre VI\clima\clima\system\CodeIgniter.php(494): CodeIgniter\CodeIgniter->runController(Object(App\Controllers\ClimaController))
#8 D:\Universidad\TEC\Semestre VI\clima\clima\system\CodeIgniter.php(353): CodeIgniter\CodeIgniter->handleRequest(NULL, Object(Config\Cache), false)
#9 D:\Universidad\TEC\Semestre VI\clima\clima\public\index.php(79): CodeIgniter\CodeIgniter->run()
#10 D:\Universidad\TEC\Semestre VI\clima\clima\system\Commands\Server\rewrite.php(47): require_once('D:\\Universidad\\...')
#11 {main}

Next CodeIgniter\Database\Exceptions\DatabaseException: No se puede establecer una conexión ya que el equipo de destino denegó expresamente dicha conexión in D:\Universidad\TEC\Semestre VI\clima\clima\system\Database\MySQLi\Connection.php:229
Stack trace:
#0 D:\Universidad\TEC\Semestre VI\clima\clima\system\Database\BaseConnection.php(391): CodeIgniter\Database\MySQLi\Connection->connect(false)
#1 D:\Universidad\TEC\Semestre VI\clima\clima\system\Database\BaseConnection.php(574): CodeIgniter\Database\BaseConnection->initialize()
#2 D:\Universidad\TEC\Semestre VI\clima\clima\system\Database\BaseBuilder.php(1615): CodeIgniter\Database\BaseConnection->query('SELECT `ubicaci...', Array, false)
#3 D:\Universidad\TEC\Semestre VI\clima\clima\app\Models\ClimaModel.php(49): CodeIgniter\Database\BaseBuilder->get()
#4 D:\Universidad\TEC\Semestre VI\clima\clima\app\Controllers\ClimaController.php(16): App\Models\ClimaModel->getUbicaciones()
#5 D:\Universidad\TEC\Semestre VI\clima\clima\system\CodeIgniter.php(919): App\Controllers\ClimaController->getUbicaciones()
#6 D:\Universidad\TEC\Semestre VI\clima\clima\system\CodeIgniter.php(494): CodeIgniter\CodeIgniter->runController(Object(App\Controllers\ClimaController))
#7 D:\Universidad\TEC\Semestre VI\clima\clima\system\CodeIgniter.php(353): CodeIgniter\CodeIgniter->handleRequest(NULL, Object(Config\Cache), false)
#8 D:\Universidad\TEC\Semestre VI\clima\clima\public\index.php(79): CodeIgniter\CodeIgniter->run()
#9 D:\Universidad\TEC\Semestre VI\clima\clima\system\Commands\Server\rewrite.php(47): require_once('D:\\Universidad\\...')
#10 {main}
CRITICAL - 2024-04-26 15:58:56 --> Unable to connect to the database.
Main connection [MySQLi]: No se puede establecer una conexión ya que el equipo de destino denegó expresamente dicha conexión
in SYSTEMPATH\Database\BaseConnection.php on line 427.
 1 SYSTEMPATH\Database\BaseConnection.php(574): CodeIgniter\Database\BaseConnection->initialize()
 2 SYSTEMPATH\Database\BaseBuilder.php(1615): CodeIgniter\Database\BaseConnection->query('SELECT `ubicacion`
FROM `clima`
GROUP BY `ubicacion`', [], false)
 3 APPPATH\Models\ClimaModel.php(49): CodeIgniter\Database\BaseBuilder->get()
 4 APPPATH\Controllers\ClimaController.php(16): App\Models\ClimaModel->getUbicaciones()
 5 SYSTEMPATH\CodeIgniter.php(919): App\Controllers\ClimaController->getUbicaciones()
 6 SYSTEMPATH\CodeIgniter.php(494): CodeIgniter\CodeIgniter->runController(Object(App\Controllers\ClimaController))
 7 SYSTEMPATH\CodeIgniter.php(353): CodeIgniter\CodeIgniter->handleRequest(null, Object(Config\Cache), false)
 8 FCPATH\index.php(79): CodeIgniter\CodeIgniter->run()
 9 SYSTEMPATH\Commands\Server\rewrite.php(47): require_once('D:\\Universidad\\TEC\\Semestre VI\\clima\\clima\\public\\index.php')
